[32m[Nest] 19412  - [39m2026. 06. 30. 오후 9:38:14 [32m    LOG[39m [38;5;3m[NestFactory] [39m[32mStarting Nest application...[39m
[32m[Nest] 19412  - [39m2026. 06. 30. 오후 9:38:14 [32m    LOG[39m [38;5;3m[InstanceLoader] [39m[32mAppModule dependencies initialized[39m[38;5;3m +44ms[39m
[32m[Nest] 19412  - [39m2026. 06. 30. 오후 9:38:14 [32m    LOG[39m [38;5;3m[InstanceLoader] [39m[32mConfigHostModule dependencies initialized[39m[38;5;3m +4ms[39m
[32m[Nest] 19412  - [39m2026. 06. 30. 오후 9:38:14 [32m    LOG[39m [38;5;3m[InstanceLoader] [39m[32mConfigModule dependencies initialized[39m[38;5;3m +0ms[39m
[32m[Nest] 19412  - [39m2026. 06. 30. 오후 9:38:14 [32m    LOG[39m [38;5;3m[InstanceLoader] [39m[32mAuthModule dependencies initialized[39m[38;5;3m +1ms[39m
[32m[Nest] 19412  - [39m2026. 06. 30. 오후 9:38:14 [32m    LOG[39m [38;5;3m[InstanceLoader] [39m[32mCompanyInterviewModule dependencies initialized[39m[38;5;3m +0ms[39m
[32m[Nest] 19412  - [39m2026. 06. 30. 오후 9:38:14 [32m    LOG[39m [38;5;3m[InstanceLoader] [39m[32mAiModule dependencies initialized[39m[38;5;3m +0ms[39m
[32m[Nest] 19412  - [39m2026. 06. 30. 오후 9:38:14 [32m    LOG[39m [38;5;3m[InstanceLoader] [39m[32mCompanyRecruitingModule dependencies initialized[39m[38;5;3m +1ms[39m
[32m[Nest] 19412  - [39m2026. 06. 30. 오후 9:38:14 [32m    LOG[39m [38;5;3m[InstanceLoader] [39m[32mCandidateModule dependencies initialized[39m[38;5;3m +0ms[39m
[32m[Nest] 19412  - [39m2026. 06. 30. 오후 9:38:14 [32m    LOG[39m [38;5;3m[InstanceLoader] [39m[32mInterviewModule dependencies initialized[39m[38;5;3m +0ms[39m
[32m[Nest] 19412  - [39m2026. 06. 30. 오후 9:38:14 [32m    LOG[39m [38;5;3m[InstanceLoader] [39m[32mReportModule dependencies initialized[39m[38;5;3m +0ms[39m
[33m[Nest] 19412  - [39m2026. 06. 30. 오후 9:38:14 [33m   WARN[39m [38;5;3m[Swagger] [39m[33mSwagger setup skipped: [AuthTokenResponseDto] A circular dependency has been detected (property key: "accessToken"). To resolve this, use a lazy resolver for the property type ("type: () => ClassType") on each side of the relationship, or break the cycle by introducing a reference via @ApiExtraModels.[39m
[32m[Nest] 19412  - [39m2026. 06. 30. 오후 9:38:14 [32m    LOG[39m [38;5;3m[RoutesResolver] [39m[32mHealthController {/api/v1}:[39m[38;5;3m +1ms[39m
[32m[Nest] 19412  - [39m2026. 06. 30. 오후 9:38:14 [32m    LOG[39m [38;5;3m[RouterExplorer] [39m[32mMapped {/api/v1/health, GET} route[39m[38;5;3m +2ms[39m
[32m[Nest] 19412  - [39m2026. 06. 30. 오후 9:38:14 [32m    LOG[39m [38;5;3m[RoutesResolver] [39m[32mAuthController {/api/v1/auth}:[39m[38;5;3m +1ms[39m
[32m[Nest] 19412  - [39m2026. 06. 30. 오후 9:38:14 [32m    LOG[39m [38;5;3m[RouterExplorer] [39m[32mMapped {/api/v1/auth/login, POST} route[39m[38;5;3m +0ms[39m
[32m[Nest] 19412  - [39m2026. 06. 30. 오후 9:38:14 [32m    LOG[39m [38;5;3m[RouterExplorer] [39m[32mMapped {/api/v1/auth/google, GET} route[39m[38;5;3m +1ms[39m
[32m[Nest] 19412  - [39m2026. 06. 30. 오후 9:38:14 [32m    LOG[39m [38;5;3m[RouterExplorer] [39m[32mMapped {/api/v1/auth/google/callback, GET} route[39m[38;5;3m +1ms[39m
[32m[Nest] 19412  - [39m2026. 06. 30. 오후 9:38:14 [32m    LOG[39m [38;5;3m[RouterExplorer] [39m[32mMapped {/api/v1/auth/signup/candidate, POST} route[39m[38;5;3m +0ms[39m
[32m[Nest] 19412  - [39m2026. 06. 30. 오후 9:38:14 [32m    LOG[39m [38;5;3m[RouterExplorer] [39m[32mMapped {/api/v1/auth/signup/company, POST} route[39m[38;5;3m +1ms[39m
[32m[Nest] 19412  - [39m2026. 06. 30. 오후 9:38:14 [32m    LOG[39m [38;5;3m[RouterExplorer] [39m[32mMapped {/api/v1/auth/email/send-code, POST} route[39m[38;5;3m +0ms[39m
[32m[Nest] 19412  - [39m2026. 06. 30. 오후 9:38:14 [32m    LOG[39m [38;5;3m[RouterExplorer] [39m[32mMapped {/api/v1/auth/email/verify-code, POST} route[39m[38;5;3m +1ms[39m
[32m[Nest] 19412  - [39m2026. 06. 30. 오후 9:38:14 [32m    LOG[39m [38;5;3m[RouterExplorer] [39m[32mMapped {/api/v1/auth/password/send-code, POST} route[39m[38;5;3m +0ms[39m
[32m[Nest] 19412  - [39m2026. 06. 30. 오후 9:38:14 [32m    LOG[39m [38;5;3m[RouterExplorer] [39m[32mMapped {/api/v1/auth/password/verify-code, POST} route[39m[38;5;3m +1ms[39m
[32m[Nest] 19412  - [39m2026. 06. 30. 오후 9:38:14 [32m    LOG[39m [38;5;3m[RouterExplorer] [39m[32mMapped {/api/v1/auth/password/reset, POST} route[39m[38;5;3m +1ms[39m
[32m[Nest] 19412  - [39m2026. 06. 30. 오후 9:38:14 [32m    LOG[39m [38;5;3m[RouterExplorer] [39m[32mMapped {/api/v1/auth/me, GET} route[39m[38;5;3m +1ms[39m
[32m[Nest] 19412  - [39m2026. 06. 30. 오후 9:38:14 [32m    LOG[39m [38;5;3m[RouterExplorer] [39m[32mMapped {/api/v1/auth/refresh, POST} route[39m[38;5;3m +1ms[39m
[32m[Nest] 19412  - [39m2026. 06. 30. 오후 9:38:14 [32m    LOG[39m [38;5;3m[RouterExplorer] [39m[32mMapped {/api/v1/auth/logout, POST} route[39m[38;5;3m +1ms[39m
[32m[Nest] 19412  - [39m2026. 06. 30. 오후 9:38:14 [32m    LOG[39m [38;5;3m[RoutesResolver] [39m[32mCompanyRecruitingController {/api/v1/company}:[39m[38;5;3m +1ms[39m
[32m[Nest] 19412  - [39m2026. 06. 30. 오후 9:38:14 [32m    LOG[39m [38;5;3m[RouterExplorer] [39m[32mMapped {/api/v1/company/recruitments, POST} route[39m[38;5;3m +0ms[39m
[32m[Nest] 19412  - [39m2026. 06. 30. 오후 9:38:14 [32m    LOG[39m [38;5;3m[RouterExplorer] [39m[32mMapped {/api/v1/company/recruitments, GET} route[39m[38;5;3m +1ms[39m
[32m[Nest] 19412  - [39m2026. 06. 30. 오후 9:38:14 [32m    LOG[39m [38;5;3m[RouterExplorer] [39m[32mMapped {/api/v1/company/recruitments/:recruitmentId, GET} route[39m[38;5;3m +1ms[39m
[32m[Nest] 19412  - [39m2026. 06. 30. 오후 9:38:14 [32m    LOG[39m [38;5;3m[RouterExplorer] [39m[32mMapped {/api/v1/company/recruitments/:recruitmentId/copy, POST} route[39m[38;5;3m +0ms[39m
[32m[Nest] 19412  - [39m2026. 06. 30. 오후 9:38:14 [32m    LOG[39m [38;5;3m[RouterExplorer] [39m[32mMapped {/api/v1/company/recruitments/:recruitmentId/applicants, GET} route[39m[38;5;3m +1ms[39m
[32m[Nest] 19412  - [39m2026. 06. 30. 오후 9:38:14 [32m    LOG[39m [38;5;3m[RouterExplorer] [39m[32mMapped {/api/v1/company/applicants, POST} route[39m[38;5;3m +1ms[39m
[32m[Nest] 19412  - [39m2026. 06. 30. 오후 9:38:14 [32m    LOG[39m [38;5;3m[RouterExplorer] [39m[32mMapped {/api/v1/company/applicants, GET} route[39m[38;5;3m +0ms[39m
[32m[Nest] 19412  - [39m2026. 06. 30. 오후 9:38:14 [32m    LOG[39m [38;5;3m[RouterExplorer] [39m[32mMapped {/api/v1/company/applicants/invitations, POST} route[39m[38;5;3m +1ms[39m
[32m[Nest] 19412  - [39m2026. 06. 30. 오후 9:38:14 [32m    LOG[39m [38;5;3m[RouterExplorer] [39m[32mMapped {/api/v1/company/applicants/:applicantId/evaluation, GET} route[39m[38;5;3m +0ms[39m
[32m[Nest] 19412  - [39m2026. 06. 30. 오후 9:38:14 [32m    LOG[39m [38;5;3m[RouterExplorer] [39m[32mMapped {/api/v1/company/applicants/:applicantId/screening-status, PATCH} route[39m[38;5;3m +1ms[39m
[32m[Nest] 19412  - [39m2026. 06. 30. 오후 9:38:14 [32m    LOG[39m [38;5;3m[RoutesResolver] [39m[32mCandidateController {/api/v1/candidate}:[39m[38;5;3m +1ms[39m
[32m[Nest] 19412  - [39m2026. 06. 30. 오후 9:38:14 [32m    LOG[39m [38;5;3m[RouterExplorer] [39m[32mMapped {/api/v1/candidate/jobs, GET} route[39m[38;5;3m +0ms[39m
[32m[Nest] 19412  - [39m2026. 06. 30. 오후 9:38:14 [32m    LOG[39m [38;5;3m[RouterExplorer] [39m[32mMapped {/api/v1/candidate/jobs/:jobId, GET} route[39m[38;5;3m +1ms[39m
[32m[Nest] 19412  - [39m2026. 06. 30. 오후 9:38:14 [32m    LOG[39m [38;5;3m[RouterExplorer] [39m[32mMapped {/api/v1/candidate/jobs/:jobId/apply, GET} route[39m[38;5;3m +1ms[39m
[32m[Nest] 19412  - [39m2026. 06. 30. 오후 9:38:14 [32m    LOG[39m [38;5;3m[RouterExplorer] [39m[32mMapped {/api/v1/candidate/jobs/:jobId/applications, POST} route[39m[38;5;3m +0ms[39m
[32m[Nest] 19412  - [39m2026. 06. 30. 오후 9:38:14 [32m    LOG[39m [38;5;3m[RouterExplorer] [39m[32mMapped {/api/v1/candidate/resume, POST} route[39m[38;5;3m +0ms[39m
[32m[Nest] 19412  - [39m2026. 06. 30. 오후 9:38:14 [32m    LOG[39m [38;5;3m[RouterExplorer] [39m[32mMapped {/api/v1/candidate/portfolio-links, POST} route[39m[38;5;3m +1ms[39m
[32m[Nest] 19412  - [39m2026. 06. 30. 오후 9:38:14 [32m    LOG[39m [38;5;3m[RouterExplorer] [39m[32mMapped {/api/v1/candidate/applications, GET} route[39m[38;5;3m +0ms[39m
[32m[Nest] 19412  - [39m2026. 06. 30. 오후 9:38:14 [32m    LOG[39m [38;5;3m[RouterExplorer] [39m[32mMapped {/api/v1/candidate/applications/:applicationId/interview-guide, GET} route[39m[38;5;3m +1ms[39m
[32m[Nest] 19412  - [39m2026. 06. 30. 오후 9:38:14 [32m    LOG[39m [38;5;3m[RouterExplorer] [39m[32mMapped {/api/v1/candidate/applications/:applicationId/consent, POST} route[39m[38;5;3m +0ms[39m
[32m[Nest] 19412  - [39m2026. 06. 30. 오후 9:38:14 [32m    LOG[39m [38;5;3m[RoutesResolver] [39m[32mInterviewController {/api/v1/candidate}:[39m[38;5;3m +1ms[39m
[32m[Nest] 19412  - [39m2026. 06. 30. 오후 9:38:14 [32m    LOG[39m [38;5;3m[RouterExplorer] [39m[32mMapped {/api/v1/candidate/mock-interviews, POST} route[39m[38;5;3m +0ms[39m
[32m[Nest] 19412  - [39m2026. 06. 30. 오후 9:38:14 [32m    LOG[39m [38;5;3m[RouterExplorer] [39m[32mMapped {/api/v1/candidate/mock-interviews/history, GET} route[39m[38;5;3m +1ms[39m
[32m[Nest] 19412  - [39m2026. 06. 30. 오후 9:38:14 [32m    LOG[39m [38;5;3m[RouterExplorer] [39m[32mMapped {/api/v1/candidate/mock-interviews/:sessionId, GET} route[39m[38;5;3m +1ms[39m
[32m[Nest] 19412  - [39m2026. 06. 30. 오후 9:38:14 [32m    LOG[39m [38;5;3m[RouterExplorer] [39m[32mMapped {/api/v1/candidate/mock-interviews/:sessionId/questions, GET} route[39m[38;5;3m +1ms[39m
[32m[Nest] 19412  - [39m2026. 06. 30. 오후 9:38:14 [32m    LOG[39m [38;5;3m[RouterExplorer] [39m[32mMapped {/api/v1/candidate/mock-interviews/:sessionId/answers, POST} route[39m[38;5;3m +0ms[39m
[32m[Nest] 19412  - [39m2026. 06. 30. 오후 9:38:14 [32m    LOG[39m [38;5;3m[RouterExplorer] [39m[32mMapped {/api/v1/candidate/mock-interviews/:sessionId/next-question, POST} route[39m[38;5;3m +1ms[39m
[32m[Nest] 19412  - [39m2026. 06. 30. 오후 9:38:14 [32m    LOG[39m [38;5;3m[RouterExplorer] [39m[32mMapped {/api/v1/candidate/mock-interviews/:sessionId/complete, PATCH} route[39m[38;5;3m +0ms[39m
[32m[Nest] 19412  - [39m2026. 06. 30. 오후 9:38:14 [32m    LOG[39m [38;5;3m[RouterExplorer] [39m[32mMapped {/api/v1/candidate/interviews/:sessionId/device-check, POST} route[39m[38;5;3m +0ms[39m
[32m[Nest] 19412  - [39m2026. 06. 30. 오후 9:38:14 [32m    LOG[39m [38;5;3m[RouterExplorer] [39m[32mMapped {/api/v1/candidate/applications/:applicationId/interview/start, POST} route[39m[38;5;3m +1ms[39m
[32m[Nest] 19412  - [39m2026. 06. 30. 오후 9:38:14 [32m    LOG[39m [38;5;3m[RouterExplorer] [39m[32mMapped {/api/v1/candidate/applications/:applicationId/interview, GET} route[39m[38;5;3m +1ms[39m
[32m[Nest] 19412  - [39m2026. 06. 30. 오후 9:38:14 [32m    LOG[39m [38;5;3m[RouterExplorer] [39m[32mMapped {/api/v1/candidate/interviews/:sessionId/questions, GET} route[39m[38;5;3m +1ms[39m
[32m[Nest] 19412  - [39m2026. 06. 30. 오후 9:38:14 [32m    LOG[39m [38;5;3m[RouterExplorer] [39m[32mMapped {/api/v1/candidate/interviews/:sessionId/answers, POST} route[39m[38;5;3m +2ms[39m
[32m[Nest] 19412  - [39m2026. 06. 30. 오후 9:38:14 [32m    LOG[39m [38;5;3m[RouterExplorer] [39m[32mMapped {/api/v1/candidate/interviews/:sessionId/next-question, POST} route[39m[38;5;3m +0ms[39m
[32m[Nest] 19412  - [39m2026. 06. 30. 오후 9:38:14 [32m    LOG[39m [38;5;3m[RouterExplorer] [39m[32mMapped {/api/v1/candidate/interviews/:sessionId/complete, PATCH} route[39m[38;5;3m +1ms[39m
[32m[Nest] 19412  - [39m2026. 06. 30. 오후 9:38:14 [32m    LOG[39m [38;5;3m[RoutesResolver] [39m[32mReportsController {/api/v1/reports}:[39m[38;5;3m +1ms[39m
[32m[Nest] 19412  - [39m2026. 06. 30. 오후 9:38:14 [32m    LOG[39m [38;5;3m[RouterExplorer] [39m[32mMapped {/api/v1/reports/:reportId/evaluation-context, POST} route[39m[38;5;3m +1ms[39m
[32m[Nest] 19412  - [39m2026. 06. 30. 오후 9:38:14 [32m    LOG[39m [38;5;3m[RouterExplorer] [39m[32mMapped {/api/v1/reports/:reportId/answer-evaluation, POST} route[39m[38;5;3m +0ms[39m
[32m[Nest] 19412  - [39m2026. 06. 30. 오후 9:38:14 [32m    LOG[39m [38;5;3m[RouterExplorer] [39m[32mMapped {/api/v1/reports/:reportId/communication-analysis, POST} route[39m[38;5;3m +1ms[39m
[32m[Nest] 19412  - [39m2026. 06. 30. 오후 9:38:14 [32m    LOG[39m [38;5;3m[RouterExplorer] [39m[32mMapped {/api/v1/reports/:reportId/generate, POST} route[39m[38;5;3m +0ms[39m
[32m[Nest] 19412  - [39m2026. 06. 30. 오후 9:38:14 [32m    LOG[39m [38;5;3m[RoutesResolver] [39m[32mReportController {/api/v1/candidate}:[39m[38;5;3m +1ms[39m
[32m[Nest] 19412  - [39m2026. 06. 30. 오후 9:38:14 [32m    LOG[39m [38;5;3m[RouterExplorer] [39m[32mMapped {/api/v1/candidate/mock-interview/reports, GET} route[39m[38;5;3m +0ms[39m
[32m[Nest] 19412  - [39m2026. 06. 30. 오후 9:38:14 [32m    LOG[39m [38;5;3m[RouterExplorer] [39m[32mMapped {/api/v1/candidate/mock-interview/reports/:reportId/feedback, GET} route[39m[38;5;3m +0ms[39m
[32m[Nest] 19412  - [39m2026. 06. 30. 오후 9:38:14 [32m    LOG[39m [38;5;3m[RouterExplorer] [39m[32mMapped {/api/v1/candidate/mock-interview/reports/:reportId/media, GET} route[39m[38;5;3m +1ms[39m
[32m[Nest] 19412  - [39m2026. 06. 30. 오후 9:38:14 [32m    LOG[39m [38;5;3m[RouterExplorer] [39m[32mMapped {/api/v1/candidate/mock-interview/reports/:reportId/generate, POST} route[39m[38;5;3m +0ms[39m
[32m[Nest] 19412  - [39m2026. 06. 30. 오후 9:38:14 [32m    LOG[39m [38;5;3m[RouterExplorer] [39m[32mMapped {/api/v1/candidate/applications/:applicationId/report, GET} route[39m[38;5;3m +1ms[39m
[32m[Nest] 19412  - [39m2026. 06. 30. 오후 9:38:14 [32m    LOG[39m [38;5;3m[RouterExplorer] [39m[32mMapped {/api/v1/candidate/applications/:applicationId/status, GET} route[39m[38;5;3m +0ms[39m
[32m[Nest] 19412  - [39m2026. 06. 30. 오후 9:38:14 [32m    LOG[39m [38;5;3m[RoutesResolver] [39m[32mAiGuardrailsController {/api/v1/ai/guardrails}:[39m[38;5;3m +1ms[39m
[32m[Nest] 19412  - [39m2026. 06. 30. 오후 9:38:14 [32m    LOG[39m [38;5;3m[RouterExplorer] [39m[32mMapped {/api/v1/ai/guardrails/validate, POST} route[39m[38;5;3m +0ms[39m
[32m[Nest] 19412  - [39m2026. 06. 30. 오후 9:38:14 [32m    LOG[39m [38;5;3m[RoutesResolver] [39m[32mCandidateAiJobsController {/api/v1/candidate}:[39m[38;5;3m +1ms[39m
[32m[Nest] 19412  - [39m2026. 06. 30. 오후 9:38:14 [32m    LOG[39m [38;5;3m[RouterExplorer] [39m[32mMapped {/api/v1/candidate/documents/extract, POST} route[39m[38;5;3m +0ms[39m
[32m[Nest] 19412  - [39m2026. 06. 30. 오후 9:38:14 [32m    LOG[39m [38;5;3m[RouterExplorer] [39m[32mMapped {/api/v1/candidate/mock-interviews/:sessionId/stt, POST} route[39m[38;5;3m +0ms[39m
[32m[Nest] 19412  - [39m2026. 06. 30. 오후 9:38:14 [32m    LOG[39m [38;5;3m[RouterExplorer] [39m[32mMapped {/api/v1/candidate/interviews/:sessionId/stt, POST} route[39m[38;5;3m +1ms[39m
[32m[Nest] 19412  - [39m2026. 06. 30. 오후 9:38:14 [32m    LOG[39m [38;5;3m[RouterExplorer] [39m[32mMapped {/api/v1/candidate/mock-interviews/:sessionId/follow-up-question, POST} route[39m[38;5;3m +0ms[39m
[32m[Nest] 19412  - [39m2026. 06. 30. 오후 9:38:14 [32m    LOG[39m [38;5;3m[RouterExplorer] [39m[32mMapped {/api/v1/candidate/interviews/:sessionId/follow-up-question, POST} route[39m[38;5;3m +1ms[39m
[32m[Nest] 19412  - [39m2026. 06. 30. 오후 9:38:14 [32m    LOG[39m [38;5;3m[RouterExplorer] [39m[32mMapped {/api/v1/candidate/mock-interviews/questions/generate, POST} route[39m[38;5;3m +0ms[39m
[32m[Nest] 19412  - [39m2026. 06. 30. 오후 9:38:14 [32m    LOG[39m [38;5;3m[RoutesResolver] [39m[32mCompanyAiJobsController {/api/v1/company/interviews}:[39m[38;5;3m +0ms[39m
[32m[Nest] 19412  - [39m2026. 06. 30. 오후 9:38:14 [32m    LOG[39m [38;5;3m[RouterExplorer] [39m[32mMapped {/api/v1/company/interviews/evaluation-criteria/suggest, POST} route[39m[38;5;3m +1ms[39m
[32m[Nest] 19412  - [39m2026. 06. 30. 오후 9:38:14 [32m    LOG[39m [38;5;3m[RouterExplorer] [39m[32mMapped {/api/v1/company/interviews/questions/generate, POST} route[39m[38;5;3m +0ms[39m
[32m[Nest] 19412  - [39m2026. 06. 30. 오후 9:38:14 [32m    LOG[39m [38;5;3m[RouterExplorer] [39m[32mMapped {/api/v1/company/interviews/question-sets, POST} route[39m[38;5;3m +1ms[39m
[32m[Nest] 19412  - [39m2026. 06. 30. 오후 9:38:14 [32m    LOG[39m [38;5;3m[RoutesResolver] [39m[32mAiJobsStatusController {/api/v1/ai/jobs}:[39m[38;5;3m +0ms[39m
[32m[Nest] 19412  - [39m2026. 06. 30. 오후 9:38:14 [32m    LOG[39m [38;5;3m[RouterExplorer] [39m[32mMapped {/api/v1/ai/jobs/:processLogId/status, GET} route[39m[38;5;3m +1ms[39m
[32m[Nest] 19412  - [39m2026. 06. 30. 오후 9:38:14 [32m    LOG[39m [38;5;3m[RoutesResolver] [39m[32mCompanyInterviewController {/api/v1/company/interviews}:[39m[38;5;3m +1ms[39m
[32m[Nest] 19412  - [39m2026. 06. 30. 오후 9:38:14 [32m    LOG[39m [38;5;3m[RouterExplorer] [39m[32mMapped {/api/v1/company/interviews/settings, GET} route[39m[38;5;3m +0ms[39m
[32m[Nest] 19412  - [39m2026. 06. 30. 오후 9:38:14 [32m    LOG[39m [38;5;3m[RouterExplorer] [39m[32mMapped {/api/v1/company/interviews/evaluation-criteria/suggest, POST} route[39m[38;5;3m +1ms[39m
[32m[Nest] 19412  - [39m2026. 06. 30. 오후 9:38:14 [32m    LOG[39m [38;5;3m[RouterExplorer] [39m[32mMapped {/api/v1/company/interviews/evaluation-criteria, PATCH} route[39m[38;5;3m +0ms[39m
[32m[Nest] 19412  - [39m2026. 06. 30. 오후 9:38:14 [32m    LOG[39m [38;5;3m[RouterExplorer] [39m[32mMapped {/api/v1/company/interviews/questions, POST} route[39m[38;5;3m +1ms[39m
[32m[Nest] 19412  - [39m2026. 06. 30. 오후 9:38:14 [32m    LOG[39m [38;5;3m[RouterExplorer] [39m[32mMapped {/api/v1/company/interviews/time-policy, PATCH} route[39m[38;5;3m +0ms[39m
[32m[Nest] 19412  - [39m2026. 06. 30. 오후 9:38:14 [32m    LOG[39m [38;5;3m[NestApplication] [39m[32mNest application successfully started[39m[38;5;3m +2ms[39m
